2021-02-01 14:31:14.599019|INFO    |VirtualServerBase|1  |listening on 0.0.0.0:9987, [::]:9987
2021-02-01 14:58:42.519984|INFO    |PktHandler    |1  |Dropping client 4 because of ping timeout 19 0 0
2021-02-01 17:58:24.758545|INFO    |PktHandler    |1  |Dropping client 10 because of ping timeout 19 0 0
2021-02-01 21:14:41.130686|INFO    |PktHandler    |1  |Dropping client 8 because of ping timeout 19 0 0
2021-02-01 22:27:40.015171|INFO    |PktHandler    |1  |Dropping client 24 because of ping timeout 19 0 0
2021-02-01 23:02:26.572007|INFO    |PktHandler    |1  |Dropping client 27 because of ping timeout 19 0 0
2021-02-02 18:00:43.031459|INFO    |PktHandler    |1  |Cleaning up connection because of 12 resends of COMMAND packet
2021-02-02 18:00:43.032224|INFO    |PktHandler    |1  |Dropping client 31 because of resend timeout
2021-02-02 19:22:46.903666|INFO    |PktHandler    |1  |Dropping client 32 because of ping timeout 19 0 0
2021-02-02 19:28:42.555802|INFO    |PktHandler    |1  |Dropping client 39 because of ping timeout 19 0 0
2021-02-02 19:28:42.556061|INFO    |PktHandler    |1  |Dropping client 35 because of ping timeout 19 0 0
2021-02-02 19:30:11.704821|INFO    |PktHandler    |1  |Dropping client 44 because of ping timeout 19 0 0
2021-02-02 19:30:12.707511|INFO    |PktHandler    |1  |Dropping client 45 because of ping timeout 19 0 0
2021-02-02 19:32:32.940837|INFO    |PktHandler    |1  |Dropping client 47 because of ping timeout 19 0 0
2021-02-02 19:32:32.941271|INFO    |PktHandler    |1  |Dropping client 46 because of ping timeout 19 0 0
2021-02-02 19:47:21.487119|INFO    |PktHandler    |1  |Dropping client 48 because of ping timeout 19 0 0
2021-02-02 19:48:53.633924|INFO    |PktHandler    |1  |Dropping client 50 because of ping timeout 19 0 0
2021-02-02 19:52:04.980163|INFO    |PktHandler    |1  |Cleaning up connection because of 5 resends of COMMAND packet
2021-02-02 19:52:04.980532|INFO    |PktHandler    |1  |Dropping client 53 because of resend timeout
2021-02-02 19:52:16.015040|INFO    |PktHandler    |1  |Dropping client 49 because of ping timeout 19 0 0
2021-02-02 20:45:30.760177|INFO    |PktHandler    |1  |Dropping client 55 because of ping timeout 19 0 0
2021-02-02 23:02:59.755626|INFO    |PktHandler    |1  |Dropping client 34 because of ping timeout 19 0 0
2021-02-03 14:46:23.617692|INFO    |PktHandler    |1  |Dropping client 58 because of ping timeout 19 0 0
2021-02-03 17:59:00.041293|INFO    |PktHandler    |1  |Dropping client 59 because of ping timeout 19 0 0
2021-02-03 20:17:27.160742|INFO    |PktHandler    |1  |Dropping client 61 because of ping timeout 19 0 0
2021-02-03 21:37:44.365362|INFO    |PktHandler    |1  |Dropping client 60 because of ping timeout 19 0 0
2021-02-03 21:42:12.789542|INFO    |PktHandler    |1  |Dropping client 68 because of ping timeout 19 0 0
2021-02-03 21:44:42.028424|INFO    |PktHandler    |1  |Dropping client 69 because of ping timeout 19 0 0
2021-02-03 21:57:00.609393|INFO    |VirtualServer |1  |client 'TeamSpeakUser'(id:62) was added to servergroup 'ADMIN'(id:9) by client ''Nemesis'(id:6)
2021-02-03 22:47:30.213124|INFO    |PktHandler    |1  |Dropping client 71 because of ping timeout 19 0 0
2021-02-04 17:18:22.301531|INFO    |PktHandler    |1  |Dropping client 73 because of ping timeout 19 0 0
2021-02-04 17:25:45.057547|INFO    |PktHandler    |1  |Dropping client 76 because of ping timeout 19 0 0
2021-02-04 17:35:13.001812|INFO    |PktHandler    |1  |Dropping client 75 because of ping timeout 19 0 0
2021-02-04 17:36:51.171872|INFO    |PktHandler    |1  |Dropping client 79 because of ping timeout 19 0 0
2021-02-04 17:43:03.799096|INFO    |PktHandler    |1  |Dropping client 78 because of ping timeout 19 0 0
2021-02-04 17:52:41.762336|INFO    |PktHandler    |1  |Dropping client 80 because of ping timeout 19 0 0
2021-02-04 17:53:36.860553|INFO    |PktHandler    |1  |Dropping client 82 because of ping timeout 19 0 0
2021-02-04 18:09:01.414302|INFO    |PktHandler    |1  |Dropping client 83 because of ping timeout 19 0 0
2021-02-04 18:37:28.295264|INFO    |PktHandler    |1  |Dropping client 84 because of ping timeout 19 0 0
2021-02-04 19:49:38.673797|INFO    |PktHandler    |1  |Dropping client 90 because of ping timeout 19 0 0
2021-02-04 20:12:17.561984|INFO    |PktHandler    |1  |Cleaning up connection because of 7 resends of COMMAND packet
2021-02-04 20:12:17.562407|INFO    |PktHandler    |1  |Dropping client 86 because of resend timeout
2021-02-04 20:28:34.674219|INFO    |PktHandler    |1  |Dropping client 94 because of ping timeout 19 0 0
2021-02-04 20:33:21.163441|INFO    |PktHandler    |1  |Dropping client 95 because of ping timeout 19 0 0
2021-02-04 20:36:41.501330|INFO    |PktHandler    |1  |Dropping client 96 because of ping timeout 19 0 0
2021-02-04 20:39:02.741455|INFO    |PktHandler    |1  |Dropping client 93 because of ping timeout 19 0 0
2021-02-04 20:43:22.191819|INFO    |PktHandler    |1  |Dropping client 97 because of ping timeout 19 0 0
2021-02-04 21:52:09.172884|INFO    |PktHandler    |1  |Dropping client 99 because of ping timeout 19 0 0
2021-02-04 22:26:33.709781|INFO    |PktHandler    |1  |Dropping client 85 because of ping timeout 19 0 0
2021-02-05 13:29:56.313468|INFO    |PktHandler    |1  |Dropping client 108 because of ping timeout 19 0 0
2021-02-05 13:34:35.335624|INFO    |VirtualServer |1  |client 'DRUNKENMONKIES'(id:56) was added to servergroup 'AION'(id:10) by client 'DRUNKENMONKIES'(id:56)
2021-02-05 20:44:16.337972|INFO    |PktHandler    |1  |Dropping client 109 because of ping timeout 19 0 0
2021-02-05 21:09:12.956283|INFO    |PktHandler    |1  |Dropping client 113 because of ping timeout 19 0 0
2021-02-05 21:35:54.717426|INFO    |PktHandler    |1  |Dropping client 106 because of ping timeout 19 0 0
2021-02-05 21:35:55.719371|INFO    |PktHandler    |1  |Dropping client 115 because of ping timeout 19 0 0
2021-02-05 21:39:37.110642|INFO    |PktHandler    |1  |Dropping client 117 because of ping timeout 19 0 0
2021-02-05 21:39:37.111131|INFO    |PktHandler    |1  |Dropping client 116 because of ping timeout 19 0 0
2021-02-05 22:53:29.776024|INFO    |PktHandler    |1  |Dropping client 111 because of ping timeout 19 0 0
2021-02-05 23:10:37.521157|INFO    |PktHandler    |1  |Dropping client 120 because of ping timeout 19 0 0
2021-02-05 23:22:03.653290|INFO    |PktHandler    |1  |Dropping client 121 because of ping timeout 19 0 0
2021-02-05 23:25:49.033295|INFO    |PktHandler    |1  |Dropping client 122 because of ping timeout 19 0 0
2021-02-05 23:30:19.979716|INFO    |PktHandler    |1  |Cleaning up connection because of 9 resends of COMMAND packet
2021-02-05 23:30:19.979824|INFO    |PktHandler    |1  |Dropping client 123 because of resend timeout
2021-02-05 23:35:10.954803|INFO    |PktHandler    |1  |Dropping client 124 because of ping timeout 19 0 0
2021-02-06 00:20:18.412358|INFO    |PktHandler    |1  |Dropping client 126 because of ping timeout 19 0 0
2021-02-06 00:23:14.601005|INFO    |PktHandler    |1  |Cleaning up connection because of 9 resends of COMMAND packet
2021-02-06 00:23:14.601117|INFO    |PktHandler    |1  |Dropping client 127 because of resend timeout
2021-02-06 00:24:36.839003|INFO    |PktHandler    |1  |Dropping client 128 because of ping timeout 19 0 0
2021-02-06 00:40:44.443307|INFO    |PktHandler    |1  |Dropping client 129 because of ping timeout 19 0 0
2021-02-06 00:43:18.694971|INFO    |PktHandler    |1  |Dropping client 130 because of ping timeout 19 0 0
2021-02-06 00:55:48.955553|INFO    |PktHandler    |1  |Dropping client 131 because of ping timeout 19 0 0
2021-02-06 01:02:42.628255|INFO    |PktHandler    |1  |Dropping client 132 because of ping timeout 19 0 0
2021-02-06 02:01:32.513668|INFO    |PktHandler    |1  |Dropping client 133 because of ping timeout 19 0 0
2021-02-06 02:20:57.457780|INFO    |PktHandler    |1  |Dropping client 134 because of ping timeout 19 0 0
2021-02-06 02:28:33.201173|INFO    |PktHandler    |1  |Dropping client 135 because of ping timeout 19 0 0
2021-02-06 02:32:41.617914|INFO    |PktHandler    |1  |Dropping client 136 because of ping timeout 19 0 0
2021-02-06 02:41:42.506039|INFO    |PktHandler    |1  |Dropping client 137 because of ping timeout 19 0 0
2021-02-06 10:35:31.023630|INFO    |PktHandler    |1  |Dropping client 138 because of ping timeout 19 0 0
2021-02-06 10:42:46.748823|INFO    |PktHandler    |1  |Dropping client 140 because of ping timeout 19 0 0
2021-02-06 16:25:14.059012|INFO    |PktHandler    |1  |Cleaning up connection because of 2 resends of COMMAND packet
2021-02-06 16:25:14.059140|INFO    |PktHandler    |1  |Dropping client 149 because of resend timeout
2021-02-06 17:55:27.724753|INFO    |PktHandler    |1  |Dropping client 143 because of ping timeout 19 0 0
2021-02-06 18:14:47.858805|INFO    |PktHandler    |1  |Dropping client 155 because of ping timeout 19 0 0
2021-02-06 18:51:38.707490|INFO    |PktHandler    |1  |Dropping client 150 because of ping timeout 19 0 0
2021-02-06 18:51:42.718573|INFO    |PktHandler    |1  |Dropping client 156 because of ping timeout 19 0 0
2021-02-06 21:52:49.765602|INFO    |PktHandler    |1  |Dropping client 160 because of ping timeout 19 0 0
2021-02-08 19:39:42.431595|INFO    |PktHandler    |1  |Dropping client 184 because of ping timeout 19 0 0
2021-02-08 22:29:37.307035|INFO    |PktHandler    |1  |Dropping client 186 because of ping timeout 19 0 0
2021-02-09 04:02:57.789941|INFO    |PktHandler    |1  |Dropping client 182 because of ping timeout 19 0 0
2021-02-09 17:57:46.435500|INFO    |PktHandler    |1  |Dropping client 195 because of ping timeout 19 0 0
2021-02-09 22:54:18.418347|INFO    |PktHandler    |1  |Dropping client 199 because of ping timeout 19 0 0
2021-02-09 23:01:56.195386|INFO    |PktHandler    |1  |Dropping client 202 because of ping timeout 19 0 0
2021-02-09 23:01:56.195544|INFO    |PktHandler    |1  |Dropping client 201 because of ping timeout 19 0 0
2021-02-10 00:10:42.982000|INFO    |PktHandler    |1  |Dropping client 204 because of ping timeout 19 0 0
2021-02-10 19:09:24.850547|INFO    |PktHandler    |1  |Dropping client 208 because of ping timeout 19 0 0
2021-02-10 19:23:45.341765|INFO    |PktHandler    |1  |Dropping client 212 because of ping timeout 19 0 0
2021-02-10 19:29:26.955935|INFO    |PktHandler    |1  |Dropping client 206 because of ping timeout 19 0 0
2021-02-10 22:28:41.223262|INFO    |PktHandler    |1  |Dropping client 207 because of ping timeout 19 0 0
2021-02-10 22:31:47.574624|INFO    |PktHandler    |1  |Dropping client 218 because of ping timeout 19 0 0
2021-02-10 23:44:20.834138|INFO    |PktHandler    |1  |Dropping client 214 because of ping timeout 19 0 0
2021-02-11 14:50:40.276871|INFO    |PktHandler    |1  |Dropping client 221 because of ping timeout 19 0 0
