2020-12-04 11:15:14.956634|INFO    |VirtualServerBase|1  |listening on 0.0.0.0:9987, [::]:9987
2020-12-04 13:30:27.800181|INFO    |PktHandler    |1  |Dropping client 9 because of ping timeout 19 0 0
2020-12-04 16:59:17.577972|INFO    |PktHandler    |1  |Dropping client 14 because of ping timeout 19 0 0
2020-12-04 18:59:35.537227|INFO    |PktHandler    |1  |Dropping client 10 because of ping timeout 19 0 0
2020-12-04 19:09:59.502621|INFO    |PktHandler    |1  |Dropping client 22 because of ping timeout 19 0 0
2020-12-05 17:27:54.193999|INFO    |PktHandler    |1  |Cleaning up connection because of 11 resends of COMMAND packet
2020-12-05 17:27:54.195275|INFO    |PktHandler    |1  |Dropping client 41 because of resend timeout
2020-12-05 18:27:40.954166|INFO    |PktHandler    |1  |Dropping client 28 because of ping timeout 19 0 0
2020-12-05 19:35:21.477368|INFO    |PktHandler    |1  |Dropping client 45 because of ping timeout 19 0 0
2020-12-06 00:44:06.735953|INFO    |PktHandler    |1  |Dropping client 47 because of ping timeout 19 0 0
2020-12-06 00:48:16.103647|INFO    |PktHandler    |1  |Dropping client 50 because of ping timeout 19 0 0
2020-12-06 04:49:00.967083|INFO    |PktHandler    |1  |Dropping client 31 because of ping timeout 19 0 0
2020-12-06 12:42:30.947138|INFO    |PktHandler    |1  |Dropping client 54 because of ping timeout 19 0 0
2020-12-06 20:18:39.424248|INFO    |PktHandler    |1  |Dropping client 56 because of ping timeout 19 0 0
2020-12-06 20:18:41.432621|INFO    |PktHandler    |1  |Dropping client 64 because of ping timeout 19 0 0
2020-12-07 17:48:01.657852|INFO    |PktHandler    |1  |Dropping client 70 because of ping timeout 19 0 0
2020-12-07 21:14:45.542431|INFO    |PktHandler    |1  |Dropping client 67 because of ping timeout 19 0 0
2020-12-07 21:38:17.897777|INFO    |PktHandler    |1  |Dropping client 69 because of ping timeout 19 0 0
2020-12-07 22:13:13.370310|INFO    |PktHandler    |1  |Dropping client 78 because of ping timeout 19 0 0
2020-12-07 22:14:29.494480|INFO    |PktHandler    |1  |Dropping client 79 because of ping timeout 19 0 0
2020-12-07 22:56:26.591467|INFO    |PktHandler    |1  |Dropping client 76 because of ping timeout 19 0 0
2020-12-07 22:58:32.792089|INFO    |PktHandler    |1  |Dropping client 77 because of ping timeout 19 0 0
2020-12-08 11:28:16.838473|INFO    |PktHandler    |1  |Dropping client 82 because of ping timeout 19 0 0
2020-12-08 12:22:08.939211|INFO    |PktHandler    |1  |Dropping client 85 because of ping timeout 19 0 0
2020-12-08 13:02:24.834862|INFO    |PktHandler    |1  |Dropping client 86 because of ping timeout 19 0 0
2020-12-08 20:15:28.277165|INFO    |PktHandler    |1  |Cleaning up connection because of 5 resends of COMMAND packet
2020-12-08 20:15:28.277257|INFO    |PktHandler    |1  |Dropping client 93 because of resend timeout
2020-12-08 20:22:38.012638|INFO    |PktHandler    |1  |Dropping client 95 because of ping timeout 19 0 0
2020-12-08 20:46:39.859698|INFO    |PktHandler    |1  |Cleaning up connection because of 11 resends of COMMAND packet
2020-12-08 20:46:39.859796|INFO    |PktHandler    |1  |Dropping client 94 because of resend timeout
2020-12-08 20:55:29.489257|INFO    |PktHandler    |1  |Dropping client 87 because of ping timeout 19 0 0
2020-12-08 21:34:25.419370|INFO    |PktHandler    |1  |Dropping client 97 because of ping timeout 19 0 0
2020-12-08 21:39:30.933570|INFO    |PktHandler    |1  |Dropping client 100 because of ping timeout 19 0 0
2020-12-10 00:35:09.098231|INFO    |PktHandler    |1  |Dropping client 105 because of ping timeout 19 0 0
2020-12-10 16:47:35.353925|INFO    |PktHandler    |1  |Dropping client 121 because of ping timeout 19 0 0
2020-12-10 17:22:59.960352|INFO    |PktHandler    |1  |Dropping client 123 because of ping timeout 19 0 0
2020-12-10 18:36:24.278442|INFO    |VirtualServer |1  |client (id:6) was removed from servergroup 'PATH OF EXILE'(id:15) by client ''Nemesis'(id:6)
2020-12-10 18:36:27.691306|INFO    |VirtualServer |1  |client (id:6) was removed from servergroup 'DIABLO III'(id:11) by client ''Nemesis'(id:6)
2020-12-11 11:46:43.504557|INFO    |PktHandler    |1  |Dropping client 140 because of ping timeout 19 0 0
2020-12-11 15:58:43.636512|INFO    |PktHandler    |1  |Dropping client 148 because of ping timeout 19 0 0
2020-12-11 17:59:16.406820|INFO    |PktHandler    |1  |Dropping client 147 because of ping timeout 19 0 0
2020-12-11 21:06:19.945569|INFO    |PktHandler    |1  |Dropping client 143 because of ping timeout 19 0 0
2020-12-11 21:11:56.511561|INFO    |PktHandler    |1  |Dropping client 156 because of ping timeout 19 0 0
2020-12-13 00:17:17.577330|INFO    |PktHandler    |1  |Dropping client 171 because of ping timeout 19 0 0
2020-12-13 10:36:13.421211|INFO    |PktHandler    |1  |Dropping client 177 because of ping timeout 19 0 0
2020-12-13 16:20:29.798495|INFO    |PktHandler    |1  |Dropping client 184 because of ping timeout 19 0 0
2020-12-13 16:24:19.206251|INFO    |PktHandler    |1  |Dropping client 185 because of ping timeout 19 0 0
2020-12-13 17:13:45.681808|INFO    |PktHandler    |1  |Dropping client 190 because of ping timeout 19 0 0
2020-12-13 19:31:10.170330|INFO    |PktHandler    |1  |Dropping client 192 because of ping timeout 19 0 0
2020-12-15 21:07:42.291109|INFO    |PktHandler    |1  |Dropping client 236 because of ping timeout 19 0 0
2020-12-16 11:47:06.786604|INFO    |PktHandler    |1  |Dropping client 239 because of ping timeout 19 0 0
2020-12-16 16:56:51.339919|INFO    |PktHandler    |1  |Dropping client 243 because of ping timeout 19 0 0
2020-12-16 18:33:10.190251|INFO    |VirtualServer |1  |client (id:41) was added to servergroup ' '(id:18) by client ''Nemesis'(id:6)
2020-12-16 19:16:35.173797|INFO    |PktHandler    |1  |Dropping client 251 because of ping timeout 19 0 0
2020-12-16 19:23:51.990100|INFO    |PktHandler    |1  |Dropping client 249 because of ping timeout 19 0 0
2020-12-16 20:12:51.505501|INFO    |PktHandler    |1  |Dropping client 242 because of ping timeout 19 0 0
2020-12-16 23:04:54.948098|INFO    |PktHandler    |1  |Dropping client 256 because of ping timeout 19 0 0
2020-12-18 14:58:40.470706|INFO    |PktHandler    |1  |Dropping client 272 because of ping timeout 19 0 0
2020-12-18 18:53:45.610629|INFO    |PktHandler    |1  |Dropping client 277 because of ping timeout 19 0 0
2020-12-18 19:07:36.086319|INFO    |PktHandler    |1  |Dropping client 278 because of ping timeout 19 0 0
2020-12-18 19:19:00.418326|INFO    |PktHandler    |1  |Dropping client 273 because of ping timeout 19 0 0
2020-12-18 23:02:19.652122|INFO    |PktHandler    |1  |Dropping client 283 because of ping timeout 19 0 0
2020-12-19 12:40:57.144233|INFO    |PktHandler    |1  |Dropping client 288 because of ping timeout 19 0 0
2020-12-19 16:05:48.512370|INFO    |PktHandler    |1  |Dropping client 285 because of ping timeout 19 0 0
2020-12-19 16:51:48.960371|INFO    |PktHandler    |1  |Dropping client 287 because of ping timeout 19 0 0
2020-12-19 19:07:54.093355|INFO    |PktHandler    |1  |Dropping client 295 because of ping timeout 19 0 0
2020-12-19 19:10:27.347817|INFO    |PktHandler    |1  |Dropping client 297 because of ping timeout 19 0 0
2020-12-19 19:16:59.999760|INFO    |VirtualServer |1  |client (id:9) was added to servergroup 'ADMIN'(id:9) by client ''Nemesis'(id:6)
2020-12-19 19:17:04.457215|INFO    |VirtualServer |1  |client (id:9) was removed from servergroup 'MODERATEUR'(id:17) by client ''Nemesis'(id:6)
2020-12-19 19:17:11.402610|INFO    |VirtualServer |1  |client (id:31) was added to servergroup 'BLACK DESERT'(id:12) by client 'waliori'(id:31)
2020-12-19 19:17:16.488634|INFO    |VirtualServer |1  |client (id:31) was added to servergroup 'LEAGUE OF LEGENDS'(id:7) by client 'waliori'(id:31)
2020-12-19 21:02:06.980152|INFO    |PktHandler    |1  |Dropping client 299 because of ping timeout 19 0 0
2020-12-20 17:48:06.012251|INFO    |PktHandler    |1  |Dropping client 311 because of ping timeout 19 0 0
2020-12-20 19:16:20.714637|INFO    |PktHandler    |1  |Dropping client 314 because of ping timeout 19 0 0
2020-12-21 15:13:01.813581|INFO    |PktHandler    |1  |Dropping client 323 because of ping timeout 19 0 0
2020-12-21 15:15:58.091554|INFO    |PktHandler    |1  |Dropping client 324 because of ping timeout 19 0 0
2020-12-21 18:45:58.115648|INFO    |PktHandler    |1  |Dropping client 330 because of ping timeout 19 0 0
2020-12-21 19:16:02.192410|INFO    |PktHandler    |1  |Dropping client 325 because of ping timeout 19 0 0
2020-12-21 19:43:45.036080|INFO    |PktHandler    |1  |Dropping client 326 because of ping timeout 19 0 0
2020-12-21 19:48:44.656849|INFO    |PktHandler    |1  |Dropping client 335 because of ping timeout 19 0 0
2020-12-21 21:21:43.700915|INFO    |PktHandler    |1  |Dropping client 333 because of ping timeout 19 0 0
2020-12-21 21:22:42.794342|INFO    |PktHandler    |1  |Dropping client 338 because of ping timeout 19 0 0
2020-12-22 15:18:43.532113|INFO    |PktHandler    |1  |Dropping client 343 because of ping timeout 19 0 0
2020-12-22 20:57:20.225347|INFO    |PktHandler    |1  |Dropping client 345 because of ping timeout 19 0 0
2020-12-23 16:23:15.409997|INFO    |PktHandler    |1  |Dropping client 354 because of ping timeout 19 0 0
2020-12-23 17:01:42.129859|INFO    |PktHandler    |1  |Dropping client 357 because of ping timeout 19 0 0
2020-12-23 19:42:00.216636|INFO    |PktHandler    |1  |Dropping client 360 because of ping timeout 19 0 0
2020-12-23 20:35:57.520347|INFO    |PktHandler    |1  |Dropping client 362 because of ping timeout 19 0 0
2020-12-24 12:57:40.978084|INFO    |PktHandler    |1  |Dropping client 367 because of ping timeout 19 0 0
2020-12-24 17:45:36.066125|INFO    |PktHandler    |1  |Dropping client 375 because of ping timeout 19 0 0
2020-12-24 21:02:35.449785|INFO    |PktHandler    |1  |Dropping client 371 because of ping timeout 19 0 0
2020-12-24 22:53:10.611681|INFO    |PktHandler    |1  |Dropping client 385 because of ping timeout 19 0 0
2020-12-24 22:57:17.015368|INFO    |PktHandler    |1  |Dropping client 387 because of ping timeout 19 0 0
2020-12-24 23:00:32.343352|INFO    |PktHandler    |1  |Dropping client 388 because of ping timeout 19 0 0
2020-12-25 15:37:34.206738|INFO    |PktHandler    |1  |Dropping client 395 because of ping timeout 19 0 0
2020-12-25 18:09:27.957585|INFO    |PktHandler    |1  |Dropping client 398 because of ping timeout 19 0 0
2020-12-25 18:27:45.772975|INFO    |PktHandler    |1  |Dropping client 400 because of ping timeout 19 0 0
2020-12-25 18:36:41.657446|INFO    |PktHandler    |1  |Dropping client 401 because of ping timeout 19 0 0
2020-12-25 18:38:49.867970|INFO    |PktHandler    |1  |Dropping client 402 because of ping timeout 19 0 0
2020-12-25 19:05:42.469614|INFO    |PktHandler    |1  |Dropping client 394 because of ping timeout 19 0 0
2020-12-25 19:29:22.758651|INFO    |PktHandler    |1  |Dropping client 404 because of ping timeout 19 0 0
2020-12-25 19:54:32.216523|INFO    |PktHandler    |1  |Dropping client 403 because of ping timeout 19 0 0
2020-12-25 23:52:51.238578|INFO    |PktHandler    |1  |Dropping client 407 because of ping timeout 19 0 0
2020-12-26 01:45:41.734985|INFO    |PktHandler    |1  |Dropping client 406 because of ping timeout 19 0 0
2020-12-26 14:27:57.940086|INFO    |PktHandler    |1  |Dropping client 411 because of ping timeout 19 0 0
2020-12-26 17:27:21.449001|INFO    |PktHandler    |1  |Dropping client 414 because of ping timeout 19 0 0
2020-12-26 18:12:38.882799|INFO    |PktHandler    |1  |Dropping client 419 because of ping timeout 19 0 0
2020-12-26 18:47:24.223096|INFO    |PktHandler    |1  |Dropping client 408 because of ping timeout 19 0 0
2020-12-26 19:20:20.446978|INFO    |PktHandler    |1  |Dropping client 410 because of ping timeout 19 0 0
2020-12-26 23:47:53.395854|INFO    |PktHandler    |1  |Dropping client 421 because of ping timeout 19 0 0
2020-12-27 12:39:18.506486|INFO    |PktHandler    |1  |Cleaning up connection because of 12 resends of COMMAND packet
2020-12-27 12:39:18.507070|INFO    |PktHandler    |1  |Dropping client 427 because of resend timeout
2020-12-27 13:44:00.650496|INFO    |PktHandler    |1  |Dropping client 429 because of ping timeout 19 0 0
2020-12-27 16:59:19.410417|INFO    |PktHandler    |1  |Dropping client 432 because of ping timeout 19 0 0
2020-12-27 17:15:35.951458|INFO    |PktHandler    |1  |Dropping client 434 because of ping timeout 19 0 0
2020-12-27 17:32:16.554151|INFO    |PktHandler    |1  |Dropping client 431 because of ping timeout 19 0 0
2020-12-27 17:37:50.086868|INFO    |PktHandler    |1  |Dropping client 436 because of ping timeout 19 0 0
2020-12-27 18:53:14.305645|INFO    |PktHandler    |1  |Dropping client 426 because of ping timeout 19 0 0
2020-12-27 19:30:06.851255|INFO    |PktHandler    |1  |Dropping client 437 because of ping timeout 19 0 0
2020-12-28 01:18:10.001136|INFO    |PktHandler    |1  |Dropping client 444 because of ping timeout 19 0 0
2020-12-28 15:01:05.948730|INFO    |PktHandler    |1  |Dropping client 446 because of ping timeout 19 0 0
2020-12-28 16:07:45.503861|INFO    |PktHandler    |1  |Dropping client 450 because of ping timeout 19 0 0
2020-12-28 18:15:34.165557|INFO    |PktHandler    |1  |Dropping client 453 because of ping timeout 19 0 0
2020-12-28 18:31:04.709528|INFO    |PktHandler    |1  |Dropping client 460 because of ping timeout 19 0 0
2020-12-28 18:38:40.448054|INFO    |PktHandler    |1  |Dropping client 461 because of ping timeout 19 0 0
2020-12-28 21:25:28.081147|INFO    |PktHandler    |1  |Dropping client 449 because of ping timeout 19 0 0
2020-12-29 14:45:05.597344|INFO    |PktHandler    |1  |Dropping client 477 because of ping timeout 19 0 0
2020-12-29 21:48:48.446420|INFO    |PktHandler    |1  |Dropping client 482 because of ping timeout 19 0 0
2020-12-29 22:17:47.371265|INFO    |PktHandler    |1  |Dropping client 493 because of ping timeout 19 0 0
2020-12-30 21:49:18.713156|INFO    |PktHandler    |1  |Cleaning up connection because of 12 resends of COMMAND packet
2020-12-30 21:49:18.713797|INFO    |PktHandler    |1  |Dropping client 504 because of resend timeout
2020-12-30 22:56:23.142586|INFO    |PktHandler    |1  |Dropping client 502 because of ping timeout 19 0 0
2020-12-31 12:14:31.183197|INFO    |PktHandler    |1  |Dropping client 513 because of ping timeout 19 0 0
2020-12-31 20:55:09.403802|INFO    |PktHandler    |1  |Dropping client 521 because of ping timeout 19 0 0
2020-12-31 21:23:42.370503|INFO    |PktHandler    |1  |Dropping client 519 because of ping timeout 19 0 0
2020-12-31 21:25:20.534219|INFO    |PktHandler    |1  |Dropping client 525 because of ping timeout 19 0 0
2020-12-31 22:27:33.805206|INFO    |PktHandler    |1  |Dropping client 526 because of ping timeout 19 0 0
2020-12-31 23:05:58.662627|INFO    |PktHandler    |1  |Dropping client 518 because of ping timeout 19 0 0
2021-01-01 01:46:41.016601|INFO    |PktHandler    |1  |Dropping client 528 because of ping timeout 19 0 0
2021-01-01 09:26:52.768448|INFO    |PktHandler    |1  |Dropping client 532 because of ping timeout 19 0 0
2021-01-01 11:35:09.962909|INFO    |PktHandler    |1  |Cleaning up connection because of 12 resends of COMMAND packet
2021-01-01 11:35:09.962992|INFO    |PktHandler    |1  |Dropping client 533 because of resend timeout
2021-01-01 15:35:47.270491|INFO    |PktHandler    |1  |Dropping client 531 because of ping timeout 19 0 0
2021-01-01 18:45:06.439233|INFO    |PktHandler    |1  |Dropping client 544 because of ping timeout 19 0 0
2021-01-01 18:46:43.608367|INFO    |PktHandler    |1  |Dropping client 539 because of ping timeout 19 0 0
2021-01-01 23:31:03.358241|INFO    |PktHandler    |1  |Dropping client 543 because of ping timeout 19 0 0
2021-01-02 22:18:06.392860|INFO    |PktHandler    |1  |Dropping client 560 because of ping timeout 19 0 0
2021-01-03 12:32:18.615396|INFO    |PktHandler    |1  |Dropping client 573 because of ping timeout 19 0 0
2021-01-03 12:38:29.144007|INFO    |PktHandler    |1  |Cleaning up connection because of 9 resends of COMMAND packet
2021-01-03 12:38:29.144328|INFO    |PktHandler    |1  |Dropping client 574 because of resend timeout
2021-01-03 12:58:04.264822|INFO    |PktHandler    |1  |Dropping client 570 because of ping timeout 19 0 0
2021-01-03 13:23:45.316439|INFO    |VirtualServer |1  |client (id:9) was added to servergroup 'PATH OF EXILE'(id:15) by client 'Momo'(id:9)
2021-01-03 13:23:56.244258|INFO    |VirtualServer |1  |client (id:9) was added to servergroup 'PUBG'(id:14) by client 'Momo'(id:9)
2021-01-03 13:24:02.841982|INFO    |VirtualServer |1  |client (id:9) was added to servergroup 'MODERATEUR'(id:17) by client 'Momo'(id:9)
2021-01-03 13:44:13.884174|INFO    |PktHandler    |1  |Dropping client 577 because of ping timeout 19 0 0
2021-01-03 17:22:34.652236|INFO    |PktHandler    |1  |Dropping client 582 because of ping timeout 19 0 0
2021-01-03 17:29:20.313493|INFO    |PktHandler    |1  |Dropping client 583 because of ping timeout 19 0 0
2021-01-03 18:45:14.408006|INFO    |PktHandler    |1  |Cleaning up connection because of 13 resends of COMMAND packet
2021-01-03 18:45:14.408486|INFO    |PktHandler    |1  |Dropping client 586 because of resend timeout
2021-01-03 19:07:51.523326|INFO    |VirtualServer |1  |client (id:9) was removed from servergroup 'MODERATEUR'(id:17) by client 'Momo'(id:9)
2021-01-03 19:07:57.692590|INFO    |VirtualServer |1  |client (id:9) was added to servergroup 'AION'(id:10) by client 'Momo'(id:9)
2021-01-03 19:27:08.217160|INFO    |PktHandler    |1  |Dropping client 597 because of ping timeout 19 0 0
2021-01-03 19:27:22.237456|INFO    |PktHandler    |1  |Dropping client 581 because of ping timeout 19 0 0
2021-01-03 20:45:28.187335|INFO    |PktHandler    |1  |Cleaning up connection because of 4 resends of COMMAND packet
2021-01-03 20:45:28.187754|INFO    |PktHandler    |1  |Dropping client 599 because of resend timeout
2021-01-03 20:46:12.165293|INFO    |PktHandler    |1  |Cleaning up connection because of 9 resends of COMMAND packet
2021-01-03 20:46:12.165404|INFO    |PktHandler    |1  |Dropping client 601 because of resend timeout
2021-01-03 23:07:00.255160|INFO    |PktHandler    |1  |Dropping client 580 because of ping timeout 19 0 0
2021-01-04 14:45:11.669133|INFO    |PktHandler    |1  |Dropping client 602 because of ping timeout 19 0 0
2021-01-04 17:37:40.639192|INFO    |PktHandler    |1  |Dropping client 612 because of ping timeout 19 0 0
2021-01-04 18:59:16.740268|INFO    |PktHandler    |1  |Dropping client 617 because of ping timeout 19 0 0
2021-01-05 16:31:14.955898|INFO    |PktHandler    |1  |Dropping client 623 because of ping timeout 19 0 0
2021-01-05 16:44:06.334847|INFO    |PktHandler    |1  |Dropping client 625 because of ping timeout 19 0 0
2021-01-05 16:45:18.458573|INFO    |PktHandler    |1  |Dropping client 627 because of ping timeout 19 0 0
2021-01-05 18:28:40.770484|INFO    |PktHandler    |1  |Dropping client 629 because of ping timeout 19 0 0
2021-01-05 19:45:18.839321|INFO    |PktHandler    |1  |Cleaning up connection because of 6 resends of COMMAND packet
2021-01-05 19:45:18.839460|INFO    |PktHandler    |1  |Dropping client 630 because of resend timeout
2021-01-05 23:04:38.485898|INFO    |PktHandler    |1  |Cleaning up connection because of 9 resends of COMMAND packet
2021-01-05 23:04:38.486517|INFO    |PktHandler    |1  |Dropping client 639 because of resend timeout
2021-01-06 21:38:36.474385|INFO    |PktHandler    |1  |Dropping client 646 because of ping timeout 19 0 0
2021-01-07 17:07:43.319739|INFO    |VirtualServer |1  |permission 'i_channel_needed_subscribe_power'(id:142) with values (value:999) was added by ''Nemesis'(id:6) to channel 'DIRECT'(id:38)
2021-01-07 17:07:43.321186|INFO    |VirtualServer |1  |permission 'i_channel_needed_join_power'(id:140) with values (value:999) was added by ''Nemesis'(id:6) to channel 'DIRECT'(id:38)
2021-01-07 17:07:43.321827|INFO    |VirtualServer |1  |permission 'i_channel_needed_description_view_power'(id:144) with values (value:999) was added by ''Nemesis'(id:6) to channel 'DIRECT'(id:38)
2021-01-07 18:18:46.487691|INFO    |VirtualServer |1  |client (id:54) was added to servergroup 'ADMIN'(id:9) by client ''Nemesis'(id:6)
2021-01-07 19:06:52.844992|INFO    |PktHandler    |1  |Cleaning up connection because of 13 resends of COMMAND packet
2021-01-07 19:06:52.845550|INFO    |PktHandler    |1  |Dropping client 657 because of resend timeout
2021-01-07 19:10:00.666119|INFO    |PktHandler    |1  |Dropping client 659 because of ping timeout 19 0 0
2021-01-07 19:10:50.752578|INFO    |PktHandler    |1  |Dropping client 666 because of ping timeout 19 0 0
2021-01-07 19:16:19.342298|INFO    |PktHandler    |1  |Dropping client 660 because of ping timeout 19 0 0
2021-01-07 19:29:00.064734|INFO    |PktHandler    |1  |Cleaning up connection because of 11 resends of COMMAND packet
2021-01-07 19:29:00.065168|INFO    |PktHandler    |1  |Dropping client 668 because of resend timeout
2021-01-07 21:36:54.407942|INFO    |PktHandler    |1  |Dropping client 658 because of ping timeout 19 0 0
2021-01-07 21:44:31.181166|INFO    |PktHandler    |1  |Dropping client 682 because of ping timeout 19 0 0
2021-01-07 22:24:26.195302|INFO    |PktHandler    |1  |Dropping client 669 because of ping timeout 19 0 0
2021-01-07 22:25:30.305681|INFO    |PktHandler    |1  |Dropping client 687 because of ping timeout 19 0 0
2021-01-08 11:11:10.055952|INFO    |PktHandler    |1  |Dropping client 693 because of ping timeout 19 0 0
2021-01-08 11:20:10.974371|INFO    |PktHandler    |1  |Dropping client 691 because of ping timeout 19 0 0
2021-01-08 12:53:52.522956|INFO    |PktHandler    |1  |Dropping client 698 because of ping timeout 19 0 0
2021-01-08 15:05:46.809865|INFO    |PktHandler    |1  |Dropping client 690 because of ping timeout 19 0 0
2021-01-08 15:19:00.170805|INFO    |PktHandler    |1  |Dropping client 697 because of ping timeout 19 0 0
2021-01-08 15:58:40.180205|INFO    |PktHandler    |1  |Dropping client 701 because of ping timeout 19 0 0
2021-01-08 16:00:48.393827|INFO    |PktHandler    |1  |Dropping client 703 because of ping timeout 19 0 0
2021-01-08 16:29:50.326762|INFO    |PktHandler    |1  |Dropping client 699 because of ping timeout 19 0 0
2021-01-08 18:25:50.390659|INFO    |PktHandler    |1  |Dropping client 700 because of ping timeout 19 0 0
2021-01-08 18:57:33.696054|INFO    |PktHandler    |1  |Dropping client 708 because of ping timeout 19 0 0
2021-01-08 19:41:09.120639|INFO    |PktHandler    |1  |Dropping client 711 because of ping timeout 19 0 0
2021-01-08 19:42:52.290645|INFO    |PktHandler    |1  |Dropping client 713 because of ping timeout 19 0 0
2021-01-08 19:43:41.374186|INFO    |PktHandler    |1  |Dropping client 714 because of ping timeout 19 0 0
2021-01-08 19:44:26.447036|INFO    |PktHandler    |1  |Dropping client 715 because of ping timeout 19 0 0
2021-01-08 19:45:49.585311|INFO    |PktHandler    |1  |Dropping client 716 because of ping timeout 19 0 0
2021-01-08 19:47:24.742593|INFO    |PktHandler    |1  |Dropping client 717 because of ping timeout 19 0 0
2021-01-08 21:01:30.388163|INFO    |PktHandler    |1  |Dropping client 710 because of ping timeout 19 0 0
2021-01-08 21:07:25.990202|INFO    |PktHandler    |1  |Dropping client 704 because of ping timeout 19 0 0
2021-01-08 21:37:48.045002|INFO    |PktHandler    |1  |Dropping client 723 because of ping timeout 19 0 0
2021-01-09 15:37:09.925292|INFO    |PktHandler    |1  |Dropping client 726 because of ping timeout 19 0 0
2021-01-09 15:59:43.224272|INFO    |PktHandler    |1  |Dropping client 731 because of ping timeout 19 0 0
2021-01-09 17:58:00.320316|INFO    |PktHandler    |1  |Dropping client 733 because of ping timeout 19 0 0
2021-01-09 18:53:32.316643|INFO    |PktHandler    |1  |Dropping client 727 because of ping timeout 19 0 0
2021-01-09 18:54:47.456145|INFO    |PktHandler    |1  |Dropping client 738 because of ping timeout 19 0 0
2021-01-09 18:56:45.675045|INFO    |PktHandler    |1  |Dropping client 730 because of ping timeout 19 0 0
2021-01-09 19:18:19.961371|INFO    |PktHandler    |1  |Dropping client 747 because of ping timeout 19 0 0
2021-01-09 19:39:37.267739|INFO    |PktHandler    |1  |Dropping client 749 because of ping timeout 19 0 0
2021-01-09 21:25:53.751090|INFO    |PktHandler    |1  |Dropping client 729 because of ping timeout 19 0 0
2021-01-09 21:28:42.064901|INFO    |PktHandler    |1  |Dropping client 739 because of ping timeout 19 0 0
2021-01-09 21:30:50.282438|INFO    |PktHandler    |1  |Dropping client 754 because of ping timeout 19 0 0
2021-01-09 21:32:27.441631|INFO    |PktHandler    |1  |Dropping client 755 because of ping timeout 19 0 0
2021-01-10 10:31:57.369296|INFO    |PktHandler    |1  |Dropping client 758 because of ping timeout 19 0 0
2021-01-10 10:38:14.973770|INFO    |PktHandler    |1  |Dropping client 759 because of ping timeout 19 0 0
2021-01-10 10:41:51.319043|INFO    |PktHandler    |1  |Dropping client 760 because of ping timeout 19 0 0
2021-01-10 13:31:12.136251|INFO    |PktHandler    |1  |Dropping client 761 because of ping timeout 19 0 0
2021-01-10 16:19:53.325108|INFO    |PktHandler    |1  |Dropping client 764 because of ping timeout 19 0 0
2021-01-10 16:20:56.431974|INFO    |PktHandler    |1  |Dropping client 768 because of ping timeout 19 0 0
2021-01-10 16:33:25.718550|INFO    |PktHandler    |1  |Dropping client 769 because of ping timeout 19 0 0
2021-01-10 16:34:22.216367|INFO    |PktHandler    |1  |Cleaning up connection because of 9 resends of COMMAND packet
2021-01-10 16:34:22.216737|INFO    |PktHandler    |1  |Dropping client 770 because of resend timeout
2021-01-10 16:37:40.152435|INFO    |PktHandler    |1  |Dropping client 771 because of ping timeout 19 0 0
2021-01-10 16:38:34.245607|INFO    |PktHandler    |1  |Dropping client 772 because of ping timeout 19 0 0
2021-01-10 16:41:03.502517|INFO    |PktHandler    |1  |Dropping client 773 because of ping timeout 19 0 0
2021-01-10 16:41:31.653945|INFO    |PktHandler    |1  |Cleaning up connection because of 9 resends of COMMAND packet
2021-01-10 16:41:31.654306|INFO    |PktHandler    |1  |Dropping client 774 because of resend timeout
2021-01-10 16:43:32.764541|INFO    |PktHandler    |1  |Dropping client 775 because of ping timeout 19 0 0
2021-01-10 17:40:44.690107|INFO    |PktHandler    |1  |Dropping client 776 because of ping timeout 19 0 0
2021-01-10 23:05:21.531838|INFO    |PktHandler    |1  |Dropping client 782 because of ping timeout 19 0 0
2021-01-10 23:17:46.790448|INFO    |PktHandler    |1  |Dropping client 780 because of ping timeout 19 0 0
2021-01-11 18:57:09.061618|INFO    |PktHandler    |1  |Dropping client 794 because of ping timeout 19 0 0
2021-01-11 19:55:19.312671|INFO    |PktHandler    |1  |Dropping client 791 because of ping timeout 19 0 0
2021-01-11 20:56:57.052256|INFO    |PktHandler    |1  |Dropping client 792 because of ping timeout 19 0 0
2021-01-12 11:48:08.175209|INFO    |PktHandler    |1  |Dropping client 814 because of ping timeout 19 0 0
2021-01-12 14:23:15.854144|INFO    |PktHandler    |1  |Dropping client 816 because of ping timeout 19 0 0
2021-01-12 16:15:56.633570|INFO    |PktHandler    |1  |Dropping client 819 because of ping timeout 19 0 0
2021-01-12 17:46:26.028405|INFO    |PktHandler    |1  |Dropping client 823 because of ping timeout 19 0 0
2021-01-12 18:04:29.952909|INFO    |PktHandler    |1  |Dropping client 820 because of ping timeout 19 0 0
2021-01-12 18:32:16.840821|INFO    |PktHandler    |1  |Dropping client 825 because of ping timeout 19 0 0
2021-01-12 19:04:11.191080|INFO    |PktHandler    |1  |Dropping client 826 because of ping timeout 19 0 0
2021-01-12 19:45:59.712643|INFO    |PktHandler    |1  |Cleaning up connection because of 9 resends of COMMAND packet
2021-01-12 19:45:59.712813|INFO    |PktHandler    |1  |Dropping client 835 because of resend timeout
2021-01-12 19:46:52.910663|INFO    |PktHandler    |1  |Cleaning up connection because of 9 resends of COMMAND packet
2021-01-12 19:46:52.911073|INFO    |PktHandler    |1  |Dropping client 837 because of resend timeout
2021-01-12 20:36:00.951372|INFO    |PktHandler    |1  |Dropping client 821 because of ping timeout 19 0 0
2021-01-12 21:39:55.670167|INFO    |PktHandler    |1  |Dropping client 842 because of ping timeout 19 0 0
2021-01-12 21:47:03.437705|INFO    |PktHandler    |1  |Dropping client 827 because of ping timeout 19 0 0
2021-01-12 22:10:27.933233|INFO    |PktHandler    |1  |Dropping client 815 because of ping timeout 19 0 0
2021-01-12 22:39:35.975067|INFO    |PktHandler    |1  |Dropping client 844 because of ping timeout 19 0 0
2021-01-12 23:27:06.943974|INFO    |PktHandler    |1  |Dropping client 846 because of ping timeout 19 0 0
2021-01-13 18:25:11.363007|INFO    |PktHandler    |1  |Dropping client 850 because of ping timeout 19 0 0
2021-01-13 18:56:21.939551|INFO    |PktHandler    |1  |Dropping client 858 because of ping timeout 19 0 0
2021-01-13 19:00:52.436975|INFO    |PktHandler    |1  |Dropping client 861 because of ping timeout 19 0 0
2021-01-13 19:08:21.291539|INFO    |PktHandler    |1  |Dropping client 864 because of ping timeout 19 0 0
2021-01-13 20:30:13.773268|INFO    |PktHandler    |1  |Cleaning up connection because of 12 resends of COMMAND packet
2021-01-13 20:30:13.774252|INFO    |PktHandler    |1  |Dropping client 853 because of resend timeout
2021-01-14 18:06:20.688373|INFO    |PktHandler    |1  |Dropping client 880 because of ping timeout 19 0 0
2021-01-14 20:25:16.231958|INFO    |PktHandler    |1  |Dropping client 883 because of ping timeout 19 0 0
2021-01-14 20:33:17.111575|INFO    |PktHandler    |1  |Dropping client 877 because of ping timeout 19 0 0
2021-01-14 21:13:38.488471|INFO    |PktHandler    |1  |Dropping client 887 because of ping timeout 19 0 0
2021-01-14 21:13:39.491773|INFO    |PktHandler    |1  |Dropping client 884 because of ping timeout 19 0 0
2021-01-14 21:49:27.343088|INFO    |PktHandler    |1  |Dropping client 873 because of ping timeout 19 0 0
2021-01-15 16:01:05.358337|INFO    |PktHandler    |1  |Dropping client 897 because of ping timeout 19 0 0
2021-01-15 22:23:36.682769|INFO    |PktHandler    |1  |Dropping client 909 because of ping timeout 19 0 0
2021-01-16 17:53:35.774660|INFO    |PktHandler    |1  |Dropping client 913 because of ping timeout 19 0 0
2021-01-16 21:56:34.989084|INFO    |PktHandler    |1  |Dropping client 925 because of ping timeout 19 0 0
2021-01-16 22:08:29.267071|INFO    |PktHandler    |1  |Dropping client 917 because of ping timeout 19 0 0
2021-01-16 22:18:03.294892|INFO    |PktHandler    |1  |Dropping client 926 because of ping timeout 19 0 0
2021-01-17 16:09:12.205370|INFO    |PktHandler    |1  |Dropping client 933 because of ping timeout 19 0 0
2021-01-17 16:11:27.479909|INFO    |PktHandler    |1  |Dropping client 938 because of ping timeout 19 0 0
2021-01-17 17:06:07.569846|INFO    |PktHandler    |1  |Dropping client 941 because of ping timeout 19 0 0
2021-01-17 19:21:20.462822|INFO    |PktHandler    |1  |Dropping client 932 because of ping timeout 19 0 0
2021-01-17 19:41:06.593356|INFO    |PktHandler    |1  |Dropping client 948 because of ping timeout 19 0 0
2021-01-18 16:21:26.462882|INFO    |PktHandler    |1  |Cleaning up connection because of 4 resends of COMMAND packet
2021-01-18 16:21:26.463743|INFO    |PktHandler    |1  |Dropping client 957 because of resend timeout
2021-01-18 16:50:53.210561|INFO    |PktHandler    |1  |Dropping client 956 because of ping timeout 19 0 0
2021-01-18 18:40:34.151538|INFO    |PktHandler    |1  |Dropping client 959 because of ping timeout 19 0 0
2021-01-18 19:21:58.648785|INFO    |PktHandler    |1  |Dropping client 964 because of ping timeout 19 0 0
2021-01-18 21:02:55.915632|INFO    |PktHandler    |1  |Dropping client 960 because of ping timeout 19 0 0
2021-01-19 17:05:19.463482|INFO    |PktHandler    |1  |Dropping client 971 because of ping timeout 19 0 0
2021-01-19 18:19:14.363406|INFO    |PktHandler    |1  |Dropping client 975 because of ping timeout 19 0 0
2021-01-19 18:38:13.457162|INFO    |PktHandler    |1  |Dropping client 973 because of ping timeout 19 0 0
2021-01-19 19:28:44.882111|INFO    |PktHandler    |1  |Dropping client 979 because of ping timeout 19 0 0
2021-01-19 21:18:01.630161|INFO    |VirtualServer |1  |client (id:56) was added to servergroup 'ADMIN'(id:9) by client ''Nemesis'(id:6)
2021-01-19 22:58:16.125918|INFO    |PktHandler    |1  |Dropping client 985 because of ping timeout 19 0 0
2021-01-20 18:34:26.389108|INFO    |PktHandler    |1  |Dropping client 1005 because of ping timeout 19 0 0
2021-01-20 18:35:48.541294|INFO    |PktHandler    |1  |Dropping client 1008 because of ping timeout 19 0 0
2021-01-20 18:50:01.162883|INFO    |PktHandler    |1  |Dropping client 1009 because of ping timeout 19 0 0
2021-01-20 19:16:38.169602|INFO    |PktHandler    |1  |Dropping client 1011 because of ping timeout 19 0 0
2021-01-20 19:16:39.172223|INFO    |PktHandler    |1  |Dropping client 1010 because of ping timeout 19 0 0
2021-01-20 20:52:19.894369|INFO    |PktHandler    |1  |Dropping client 1013 because of ping timeout 19 0 0
2021-01-20 20:52:22.901580|INFO    |PktHandler    |1  |Dropping client 1014 because of ping timeout 19 0 0
2021-01-20 23:13:01.031336|INFO    |PktHandler    |1  |Dropping client 1002 because of ping timeout 19 0 0
2021-01-21 17:34:58.209984|INFO    |PktHandler    |1  |Dropping client 1026 because of ping timeout 19 0 0
2021-01-21 18:17:25.714952|INFO    |PktHandler    |1  |Dropping client 1029 because of ping timeout 19 0 0
2021-01-21 18:45:49.946026|INFO    |PktHandler    |1  |Dropping client 1030 because of ping timeout 19 0 0
2021-01-21 18:59:08.416051|INFO    |PktHandler    |1  |Dropping client 1033 because of ping timeout 19 0 0
2021-01-22 10:46:56.020072|INFO    |PktHandler    |1  |Cleaning up connection because of 3 resends of COMMAND packet
2021-01-22 10:46:56.020631|INFO    |PktHandler    |1  |Dropping client 1040 because of resend timeout
2021-01-22 11:03:52.620584|INFO    |PktHandler    |1  |Dropping client 1042 because of ping timeout 19 0 0
2021-01-22 12:38:15.873880|INFO    |PktHandler    |1  |Dropping client 1045 because of ping timeout 19 0 0
2021-01-22 13:33:23.867738|INFO    |PktHandler    |1  |Dropping client 1047 because of ping timeout 19 0 0
2021-01-22 14:09:08.827483|INFO    |PktHandler    |1  |Dropping client 1049 because of ping timeout 19 0 0
2021-01-22 14:32:39.467761|INFO    |PktHandler    |1  |Dropping client 1044 because of ping timeout 19 0 0
2021-01-22 14:36:39.897176|INFO    |PktHandler    |1  |Dropping client 1050 because of ping timeout 19 0 0
2021-01-22 14:43:56.704185|INFO    |PktHandler    |1  |Dropping client 1051 because of ping timeout 19 0 0
2021-01-22 14:47:09.058698|INFO    |PktHandler    |1  |Dropping client 1052 because of ping timeout 19 0 0
2021-01-22 15:04:09.995236|INFO    |PktHandler    |1  |Dropping client 1053 because of ping timeout 19 0 0
2021-01-22 15:57:29.013625|INFO    |PktHandler    |1  |Dropping client 1055 because of ping timeout 19 0 0
2021-01-22 16:30:50.731999|INFO    |PktHandler    |1  |Dropping client 1056 because of ping timeout 19 0 0
2021-01-22 16:34:52.194565|INFO    |PktHandler    |1  |Dropping client 1059 because of ping timeout 19 0 0
2021-01-22 17:23:58.576357|INFO    |PktHandler    |1  |Cleaning up connection because of 12 resends of COMMAND packet
2021-01-22 17:23:58.576465|INFO    |PktHandler    |1  |Dropping client 1061 because of resend timeout
2021-01-22 17:26:11.926519|INFO    |PktHandler    |1  |Cleaning up connection because of 2 resends of COMMAND packet
2021-01-22 17:26:11.926637|INFO    |PktHandler    |1  |Dropping client 1062 because of resend timeout
2021-01-22 17:28:26.077855|INFO    |PktHandler    |1  |Dropping client 1063 because of ping timeout 19 0 0
2021-01-22 18:15:21.261260|INFO    |PktHandler    |1  |Dropping client 1066 because of ping timeout 19 0 0
2021-01-22 18:28:19.728062|INFO    |PktHandler    |1  |Dropping client 1068 because of ping timeout 19 0 0
2021-01-22 18:29:40.872720|INFO    |PktHandler    |1  |Dropping client 1069 because of ping timeout 19 0 0
2021-01-22 18:30:37.981771|INFO    |PktHandler    |1  |Dropping client 1070 because of ping timeout 19 0 0
2021-01-22 18:38:33.840528|INFO    |PktHandler    |1  |Dropping client 1071 because of ping timeout 19 0 0
2021-01-22 18:40:22.041983|INFO    |PktHandler    |1  |Dropping client 1072 because of ping timeout 19 0 0
2021-01-22 18:42:07.241913|INFO    |PktHandler    |1  |Dropping client 1073 because of ping timeout 19 0 0
2021-01-22 19:25:05.994702|INFO    |PktHandler    |1  |Dropping client 1067 because of ping timeout 19 0 0
2021-01-22 20:16:48.714422|INFO    |PktHandler    |1  |Dropping client 1065 because of ping timeout 19 0 0
2021-01-22 21:00:33.608507|INFO    |PktHandler    |1  |Dropping client 1080 because of ping timeout 19 0 0
2021-01-22 21:03:30.921797|INFO    |PktHandler    |1  |Dropping client 1081 because of ping timeout 19 0 0
2021-01-22 22:08:53.015599|INFO    |PktHandler    |1  |Dropping client 1079 because of ping timeout 19 0 0
2021-01-22 22:19:59.253321|INFO    |PktHandler    |1  |Dropping client 1083 because of ping timeout 19 0 0
2021-01-23 18:58:50.986246|INFO    |PktHandler    |1  |Dropping client 1089 because of ping timeout 19 0 0
2021-01-23 19:21:30.437478|INFO    |PktHandler    |1  |Dropping client 1091 because of ping timeout 19 0 0
2021-01-23 20:00:03.629588|INFO    |PktHandler    |1  |Dropping client 1084 because of ping timeout 19 0 0
2021-01-23 20:33:33.251412|INFO    |PktHandler    |1  |Dropping client 1092 because of ping timeout 19 0 0
2021-01-23 21:51:43.746743|INFO    |PktHandler    |1  |Dropping client 1097 because of ping timeout 19 0 0
2021-01-24 15:19:34.806943|INFO    |PktHandler    |1  |Dropping client 1104 because of ping timeout 19 0 0
2021-01-24 15:29:05.811444|INFO    |PktHandler    |1  |Dropping client 1105 because of ping timeout 19 0 0
2021-01-24 15:35:26.524197|INFO    |PktHandler    |1  |Dropping client 1106 because of ping timeout 19 0 0
2021-01-24 19:44:15.333167|INFO    |PktHandler    |1  |Dropping client 1111 because of ping timeout 19 0 0
2021-01-24 19:44:17.338700|INFO    |PktHandler    |1  |Dropping client 1107 because of ping timeout 19 0 0
2021-01-24 19:54:16.431387|INFO    |PktHandler    |1  |Dropping client 1114 because of ping timeout 19 0 0
2021-01-24 19:54:17.434571|INFO    |PktHandler    |1  |Dropping client 1113 because of ping timeout 19 0 0
2021-01-25 12:47:42.892517|INFO    |PktHandler    |1  |Dropping client 1131 because of ping timeout 19 0 0
2021-01-25 14:55:49.249095|INFO    |PktHandler    |1  |Dropping client 1132 because of ping timeout 19 0 0
2021-01-25 16:25:11.674790|INFO    |PktHandler    |1  |Dropping client 1136 because of ping timeout 19 0 0
2021-01-25 19:03:12.802138|INFO    |PktHandler    |1  |Dropping client 1137 because of ping timeout 19 0 0
2021-01-25 19:05:05.003776|INFO    |PktHandler    |1  |Dropping client 1143 because of ping timeout 19 0 0
2021-01-25 19:07:16.238738|INFO    |PktHandler    |1  |Dropping client 1144 because of ping timeout 19 0 0
2021-01-25 22:40:14.346182|INFO    |PktHandler    |1  |Dropping client 1145 because of ping timeout 19 0 0
2021-01-26 17:23:02.221035|INFO    |PktHandler    |1  |Dropping client 1153 because of ping timeout 19 0 0
2021-01-26 17:49:14.046791|INFO    |PktHandler    |1  |Dropping client 1155 because of ping timeout 19 0 0
2021-01-26 17:53:37.529780|INFO    |PktHandler    |1  |Dropping client 1157 because of ping timeout 19 0 0
2021-01-26 17:57:21.934768|INFO    |PktHandler    |1  |Dropping client 1158 because of ping timeout 19 0 0
2021-01-26 18:01:57.425302|INFO    |PktHandler    |1  |Dropping client 1160 because of ping timeout 19 0 0
2021-01-26 18:04:39.715658|INFO    |PktHandler    |1  |Dropping client 1161 because of ping timeout 19 0 0
2021-01-26 19:22:46.059850|INFO    |PktHandler    |1  |Dropping client 1162 because of ping timeout 19 0 0
2021-01-26 19:25:43.369855|INFO    |PktHandler    |1  |Dropping client 1166 because of ping timeout 19 0 0
2021-01-26 19:27:41.595780|INFO    |PktHandler    |1  |Dropping client 1168 because of ping timeout 19 0 0
2021-01-26 19:45:38.498018|INFO    |PktHandler    |1  |Dropping client 1169 because of ping timeout 19 0 0
2021-01-26 19:47:22.685560|INFO    |PktHandler    |1  |Dropping client 1170 because of ping timeout 19 0 0
2021-01-27 10:18:08.830555|INFO    |PktHandler    |1  |Dropping client 1173 because of ping timeout 19 0 0
2021-01-27 13:04:49.816822|INFO    |PktHandler    |1  |Dropping client 1174 because of ping timeout 19 0 0
2021-01-27 13:09:19.268549|INFO    |PktHandler    |1  |Dropping client 1176 because of ping timeout 19 0 0
2021-01-27 13:18:07.164796|INFO    |PktHandler    |1  |Dropping client 1177 because of ping timeout 19 0 0
2021-01-27 13:44:48.885704|INFO    |PktHandler    |1  |Dropping client 1178 because of ping timeout 19 0 0
2021-01-27 13:49:21.352323|INFO    |PktHandler    |1  |Dropping client 1179 because of ping timeout 19 0 0
2021-01-27 14:02:44.724422|INFO    |PktHandler    |1  |Dropping client 1180 because of ping timeout 19 0 0
2021-01-27 14:04:51.941280|INFO    |PktHandler    |1  |Dropping client 1181 because of ping timeout 19 0 0
2021-01-27 14:08:18.285073|INFO    |PktHandler    |1  |Dropping client 1182 because of ping timeout 19 0 0
2021-01-27 14:11:15.575536|INFO    |PktHandler    |1  |Dropping client 1183 because of ping timeout 19 0 0
2021-01-27 14:15:19.975396|INFO    |PktHandler    |1  |Dropping client 1184 because of ping timeout 19 0 0
2021-01-27 14:17:19.172735|INFO    |PktHandler    |1  |Dropping client 1185 because of ping timeout 19 0 0
2021-01-27 14:18:29.290541|INFO    |PktHandler    |1  |Dropping client 1186 because of ping timeout 19 0 0
2021-01-27 17:11:38.021885|INFO    |PktHandler    |1  |Dropping client 1187 because of ping timeout 19 0 0
2021-01-27 20:37:53.945301|INFO    |PktHandler    |1  |Dropping client 1194 because of ping timeout 19 0 0
2021-01-27 22:54:48.456591|INFO    |PktHandler    |1  |Dropping client 1189 because of ping timeout 19 0 0
2021-01-27 23:05:53.616096|INFO    |PktHandler    |1  |Dropping client 1193 because of ping timeout 19 0 0
2021-01-27 23:28:26.918959|INFO    |PktHandler    |1  |Dropping client 1206 because of ping timeout 19 0 0
2021-01-28 00:15:28.703747|INFO    |PktHandler    |1  |Dropping client 1207 because of ping timeout 19 0 0
2021-01-28 00:23:02.472530|INFO    |PktHandler    |1  |Dropping client 1208 because of ping timeout 19 0 0
2021-01-28 00:33:12.503785|INFO    |PktHandler    |1  |Dropping client 1209 because of ping timeout 19 0 0
2021-01-28 00:39:20.133878|INFO    |PktHandler    |1  |Dropping client 1210 because of ping timeout 19 0 0
2021-01-28 01:04:10.665956|INFO    |PktHandler    |1  |Dropping client 1211 because of ping timeout 19 0 0
2021-01-28 01:21:03.368171|INFO    |PktHandler    |1  |Dropping client 1212 because of ping timeout 19 0 0
2021-01-28 01:31:40.479270|INFO    |PktHandler    |1  |Dropping client 1213 because of ping timeout 19 0 0
2021-01-28 01:32:43.588507|INFO    |PktHandler    |1  |Dropping client 1214 because of ping timeout 19 0 0
2021-01-28 01:35:06.835826|INFO    |PktHandler    |1  |Dropping client 1215 because of ping timeout 19 0 0
2021-01-28 01:35:53.918169|INFO    |PktHandler    |1  |Dropping client 1216 because of ping timeout 19 0 0
2021-01-28 01:41:26.479482|INFO    |PktHandler    |1  |Dropping client 1217 because of ping timeout 19 0 0
2021-01-28 01:55:40.939469|INFO    |PktHandler    |1  |Dropping client 1218 because of ping timeout 19 0 0
2021-01-28 01:57:10.090342|INFO    |PktHandler    |1  |Dropping client 1219 because of ping timeout 19 0 0
2021-01-28 02:03:12.709356|INFO    |PktHandler    |1  |Dropping client 1220 because of ping timeout 19 0 0
2021-01-28 02:10:02.405864|INFO    |PktHandler    |1  |Dropping client 1221 because of ping timeout 19 0 0
2021-01-28 02:40:49.520468|INFO    |PktHandler    |1  |Dropping client 1222 because of ping timeout 19 0 0
2021-01-28 02:57:27.170628|INFO    |PktHandler    |1  |Dropping client 1223 because of ping timeout 19 0 0
2021-01-28 02:59:39.383636|INFO    |PktHandler    |1  |Dropping client 1224 because of ping timeout 19 0 0
2021-01-28 03:07:07.136482|INFO    |PktHandler    |1  |Dropping client 1225 because of ping timeout 19 0 0
2021-01-28 03:17:56.214819|INFO    |PktHandler    |1  |Dropping client 1226 because of ping timeout 19 0 0
2021-01-28 03:21:48.604960|INFO    |PktHandler    |1  |Dropping client 1227 because of ping timeout 19 0 0
2021-01-28 03:24:12.829422|INFO    |PktHandler    |1  |Dropping client 1228 because of ping timeout 19 0 0
2021-01-28 03:29:11.331457|INFO    |PktHandler    |1  |Dropping client 1229 because of ping timeout 19 0 0
2021-01-28 03:30:04.421068|INFO    |PktHandler    |1  |Dropping client 1230 because of ping timeout 19 0 0
2021-01-28 03:30:56.505354|INFO    |PktHandler    |1  |Dropping client 1231 because of ping timeout 19 0 0
2021-01-28 03:33:39.779023|INFO    |PktHandler    |1  |Dropping client 1232 because of ping timeout 19 0 0
2021-01-28 03:36:27.059357|INFO    |PktHandler    |1  |Dropping client 1233 because of ping timeout 19 0 0
2021-01-28 03:40:07.423520|INFO    |PktHandler    |1  |Dropping client 1234 because of ping timeout 19 0 0
2021-01-28 03:41:09.528390|INFO    |PktHandler    |1  |Dropping client 1235 because of ping timeout 19 0 0
2021-01-28 03:44:28.851496|INFO    |PktHandler    |1  |Dropping client 1236 because of ping timeout 19 0 0
2021-01-28 03:45:30.953886|INFO    |PktHandler    |1  |Dropping client 1237 because of ping timeout 19 0 0
2021-01-28 03:46:43.072572|INFO    |PktHandler    |1  |Dropping client 1238 because of ping timeout 19 0 0
2021-01-28 04:27:52.210814|INFO    |PktHandler    |1  |Dropping client 1239 because of ping timeout 19 0 0
2021-01-28 04:32:00.626251|INFO    |PktHandler    |1  |Dropping client 1240 because of ping timeout 19 0 0
2021-01-28 04:35:15.933084|INFO    |PktHandler    |1  |Dropping client 1241 because of ping timeout 19 0 0
2021-01-28 04:56:43.077991|INFO    |PktHandler    |1  |Dropping client 1242 because of ping timeout 19 0 0
2021-01-28 04:57:54.194833|INFO    |PktHandler    |1  |Dropping client 1243 because of ping timeout 19 0 0
2021-01-28 05:09:35.343057|INFO    |PktHandler    |1  |Dropping client 1244 because of ping timeout 19 0 0
2021-01-28 05:21:35.537069|INFO    |PktHandler    |1  |Dropping client 1245 because of ping timeout 19 0 0
2021-01-28 05:24:20.803404|INFO    |PktHandler    |1  |Dropping client 1246 because of ping timeout 19 0 0
2021-01-28 05:26:16.995617|INFO    |PktHandler    |1  |Dropping client 1247 because of ping timeout 19 0 0
2021-01-28 05:57:55.180663|INFO    |PktHandler    |1  |Dropping client 1248 because of ping timeout 19 0 0
2021-01-28 06:25:31.020711|INFO    |PktHandler    |1  |Dropping client 1249 because of ping timeout 19 0 0
2021-01-28 06:37:27.279882|INFO    |PktHandler    |1  |Dropping client 1250 because of ping timeout 19 0 0
2021-01-28 06:41:10.665149|INFO    |PktHandler    |1  |Dropping client 1251 because of ping timeout 19 0 0
2021-01-28 07:56:55.433925|INFO    |PktHandler    |1  |Dropping client 1252 because of ping timeout 19 0 0
2021-01-28 07:57:44.515201|INFO    |PktHandler    |1  |Dropping client 1253 because of ping timeout 19 0 0
2021-01-28 08:06:47.442265|INFO    |PktHandler    |1  |Dropping client 1254 because of ping timeout 19 0 0
2021-01-28 08:18:22.626020|INFO    |PktHandler    |1  |Dropping client 1255 because of ping timeout 19 0 0
2021-01-28 08:20:50.876047|INFO    |PktHandler    |1  |Dropping client 1256 because of ping timeout 19 0 0
2021-01-28 08:21:59.995142|INFO    |PktHandler    |1  |Dropping client 1257 because of ping timeout 19 0 0
2021-01-28 08:26:32.463421|INFO    |PktHandler    |1  |Dropping client 1258 because of ping timeout 19 0 0
2021-01-28 08:29:50.796867|INFO    |PktHandler    |1  |Dropping client 1259 because of ping timeout 19 0 0
2021-01-28 08:33:20.134540|INFO    |PktHandler    |1  |Dropping client 1260 because of ping timeout 19 0 0
2021-01-28 08:39:56.803238|INFO    |PktHandler    |1  |Dropping client 1261 because of ping timeout 19 0 0
2021-01-28 09:06:59.588563|INFO    |PktHandler    |1  |Dropping client 1262 because of ping timeout 19 0 0
2021-01-28 09:10:10.918442|INFO    |PktHandler    |1  |Dropping client 1263 because of ping timeout 19 0 0
2021-01-28 09:14:19.317858|INFO    |PktHandler    |1  |Dropping client 1264 because of ping timeout 19 0 0
2021-01-28 21:30:51.355873|INFO    |PktHandler    |1  |Dropping client 1272 because of ping timeout 19 0 0
2021-01-28 21:30:51.356708|INFO    |PktHandler    |1  |Dropping client 1269 because of ping timeout 19 0 0
2021-01-28 23:14:55.444521|INFO    |PktHandler    |1  |Dropping client 1273 because of ping timeout 19 0 0
2021-01-28 23:59:32.016406|INFO    |PktHandler    |1  |Dropping client 1278 because of ping timeout 19 0 0
2021-01-29 17:22:57.882219|INFO    |PktHandler    |1  |Dropping client 1281 because of ping timeout 19 0 0
2021-01-29 18:23:44.315840|INFO    |PktHandler    |1  |Cleaning up connection because of 12 resends of COMMAND packet
2021-01-29 18:23:44.316264|INFO    |PktHandler    |1  |Dropping client 1282 because of resend timeout
2021-01-29 18:38:22.104803|INFO    |PktHandler    |1  |Dropping client 1287 because of ping timeout 19 0 0
2021-01-29 20:46:08.814375|INFO    |PktHandler    |1  |Cleaning up connection because of 12 resends of COMMAND packet
2021-01-29 20:46:08.814749|INFO    |PktHandler    |1  |Dropping client 1285 because of resend timeout
2021-01-30 12:07:44.167466|INFO    |PktHandler    |1  |Dropping client 1295 because of ping timeout 19 0 0
2021-01-31 00:58:08.726251|INFO    |PktHandler    |1  |Dropping client 1300 because of ping timeout 19 0 0
2021-01-31 18:40:26.025252|INFO    |PktHandler    |1  |Dropping client 1313 because of ping timeout 19 0 0
2021-01-31 20:42:53.118566|INFO    |PktHandler    |1  |Dropping client 1309 because of ping timeout 19 0 0
2021-01-31 20:45:41.431993|INFO    |PktHandler    |1  |Dropping client 1318 because of ping timeout 19 0 0
2021-02-01 00:26:03.495837|INFO    |PktHandler    |1  |Dropping client 1319 because of ping timeout 19 0 0
2021-02-01 14:14:14.401782|INFO    |VirtualServerBase|1  |stopped
